2025-07-29 01:48:48.582 [main] INFO  x.t.t.TliasWebManagementApplication-Starting TliasWebManagementApplication using Java 17.0.15 with PID 10332 (C:\Users\STAK\Desktop\JavaLearn\Tlias\tlias-web-management\target\classes started by STAK in C:\Users\STAK\Desktop\JavaLearn\Tlias\tlias-web-management)
2025-07-29 01:48:48.585 [main] INFO  x.t.t.TliasWebManagementApplication-No active profile set, falling back to 1 default profile: "default"
2025-07-29 01:48:49.167 [main] INFO  o.s.boot.web.embedded.tomcat.TomcatWebServer-Tomcat initialized with port 8080 (http)
2025-07-29 01:48:49.175 [main] INFO  org.apache.coyote.http11.Http11NioProtocol-Initializing ProtocolHandler ["http-nio-8080"]
2025-07-29 01:48:49.176 [main] INFO  org.apache.catalina.core.StandardService-Starting service [Tomcat]
2025-07-29 01:48:49.176 [main] INFO  org.apache.catalina.core.StandardEngine-Starting Servlet engine: [Apache Tomcat/10.1.43]
2025-07-29 01:48:49.215 [main] INFO  o.a.c.core.ContainerBase.[Tomcat].[localhost].[/]-Initializing Spring embedded WebApplicationContext
2025-07-29 01:48:49.216 [main] INFO  o.s.b.w.s.c.ServletWebServerApplicationContext-Root WebApplicationContext: initialization completed in 603 ms
2025-07-29 01:48:49.550 [main] INFO  org.apache.coyote.http11.Http11NioProtocol-Starting ProtocolHandler ["http-nio-8080"]
2025-07-29 01:48:49.563 [main] INFO  o.s.boot.web.embedded.tomcat.TomcatWebServer-Tomcat started on port 8080 (http) with context path '/'
2025-07-29 01:48:49.569 [main] INFO  x.t.t.TliasWebManagementApplication-Started TliasWebManagementApplication in 1.25 seconds (process running for 1.739)
2025-07-29 01:49:05.402 [http-nio-8080-exec-1] INFO  o.a.c.core.ContainerBase.[Tomcat].[localhost].[/]-Initializing Spring DispatcherServlet 'dispatcherServlet'
2025-07-29 01:49:05.403 [http-nio-8080-exec-1] INFO  org.springframework.web.servlet.DispatcherServlet-Initializing Servlet 'dispatcherServlet'
2025-07-29 01:49:05.403 [http-nio-8080-exec-1] INFO  org.springframework.web.servlet.DispatcherServlet-Completed initialization in 0 ms
2025-07-29 01:49:05.433 [http-nio-8080-exec-1] INFO  x.t.tliaswebmanagement.controller.DeptController-查询全部部门数据
2025-07-29 01:49:05.479 [http-nio-8080-exec-1] INFO  com.alibaba.druid.pool.DruidDataSource-{dataSource-1} inited
2025-07-29 01:51:17.564 [SpringApplicationShutdownHook] INFO  o.s.boot.web.embedded.tomcat.GracefulShutdown-Commencing graceful shutdown. Waiting for active requests to complete
2025-07-29 01:51:17.612 [tomcat-shutdown] INFO  o.s.boot.web.embedded.tomcat.GracefulShutdown-Graceful shutdown complete
2025-07-29 01:51:17.614 [SpringApplicationShutdownHook] INFO  com.alibaba.druid.pool.DruidDataSource-{dataSource-1} closing ...
2025-07-29 01:51:17.616 [SpringApplicationShutdownHook] INFO  com.alibaba.druid.pool.DruidDataSource-{dataSource-1} closed
2025-07-29 01:51:20.507 [main] INFO  x.t.t.TliasWebManagementApplication-Starting TliasWebManagementApplication using Java 17.0.15 with PID 21776 (C:\Users\STAK\Desktop\JavaLearn\Tlias\tlias-web-management\target\classes started by STAK in C:\Users\STAK\Desktop\JavaLearn\Tlias\tlias-web-management)
2025-07-29 01:51:20.509 [main] INFO  x.t.t.TliasWebManagementApplication-No active profile set, falling back to 1 default profile: "default"
2025-07-29 01:51:21.097 [main] INFO  o.s.boot.web.embedded.tomcat.TomcatWebServer-Tomcat initialized with port 8080 (http)
2025-07-29 01:51:21.104 [main] INFO  org.apache.coyote.http11.Http11NioProtocol-Initializing ProtocolHandler ["http-nio-8080"]
2025-07-29 01:51:21.105 [main] INFO  org.apache.catalina.core.StandardService-Starting service [Tomcat]
2025-07-29 01:51:21.107 [main] INFO  org.apache.catalina.core.StandardEngine-Starting Servlet engine: [Apache Tomcat/10.1.43]
2025-07-29 01:51:21.142 [main] INFO  o.a.c.core.ContainerBase.[Tomcat].[localhost].[/]-Initializing Spring embedded WebApplicationContext
2025-07-29 01:51:21.143 [main] INFO  o.s.b.w.s.c.ServletWebServerApplicationContext-Root WebApplicationContext: initialization completed in 607 ms
2025-07-29 01:51:21.489 [main] INFO  org.apache.coyote.http11.Http11NioProtocol-Starting ProtocolHandler ["http-nio-8080"]
2025-07-29 01:51:21.501 [main] INFO  o.s.boot.web.embedded.tomcat.TomcatWebServer-Tomcat started on port 8080 (http) with context path '/'
2025-07-29 01:51:21.508 [main] INFO  x.t.t.TliasWebManagementApplication-Started TliasWebManagementApplication in 1.256 seconds (process running for 1.713)
2025-07-29 01:53:58.335 [SpringApplicationShutdownHook] INFO  o.s.boot.web.embedded.tomcat.GracefulShutdown-Commencing graceful shutdown. Waiting for active requests to complete
2025-07-29 01:53:58.380 [tomcat-shutdown] INFO  o.s.boot.web.embedded.tomcat.GracefulShutdown-Graceful shutdown complete
2025-07-29 01:53:58.383 [SpringApplicationShutdownHook] INFO  com.alibaba.druid.pool.DruidDataSource-{dataSource-0} closing ...
